<?xml version="1.0" encoding="UTF-8"?>
<testsuite xmlns:xsi="http://www.w3.org/2001/XMLSchema-instance" xsi:noNamespaceSchemaLocation="https://maven.apache.org/surefire/maven-surefire-plugin/xsd/surefire-test-report-3.0.xsd" version="3.0" name="com.acabouomony.engine.ThreeDsEngineApplicationTests" time="5.512" tests="1" errors="0" skipped="0" failures="0">
  <properties>
[...]
</properties>
  <testcase name="contextLoads" classname="com.acabouomony.engine.ThreeDsEngineApplicationTests" time="0.753">
    <system-out><![CDATA[10:41:03.946 [main] INFO org.springframework.test.context.support.AnnotationConfigContextLoaderUtils -- Could not detect default configuration classes for test class [com.acabouomony.engine.ThreeDsEngineApplicationTests]: ThreeDsEngineApplicationTests does not declare any static, non-private, non-final, nested classes annotated with @Configuration.
10:41:04.105 [main] INFO org.springframework.boot.test.context.SpringBootTestContextBootstrapper -- Found @SpringBootConfiguration com.acabouomony.engine.ThreeDsEngineApplication for test class com.acabouomony.engine.ThreeDsEngineApplicationTests

  .   ____          _            __ _ _
 /\\ / ___'_ __ _ _(_)_ __  __ _ \ \ \ \
( ( )\___ | '_ | '_| | '_ \/ _` | \ \ \ \
 \\/  ___)| |_)| | | | | || (_| |  ) ) ) )
  '  |____| .__|_| |_|_| |_\__, | / / / /
 =========|_|==============|___/=/_/_/_/

 :: Spring Boot ::                (v3.3.5)

2026-06-02T10:41:04.717-03:00  INFO 384 --- [           main] c.a.e.ThreeDsEngineApplicationTests      : Starting ThreeDsEngineApplicationTests using Java 25.0.2 with PID 384 (started by patricia.borges in C:\Users\patricia.borges\Documents\atividades\acabou-o-mony\3ds-engine)
2026-06-02T10:41:04.719-03:00  INFO 384 --- [           main] c.a.e.ThreeDsEngineApplicationTests      : No active profile set, falling back to 1 default profile: "default"
2026-06-02T10:41:05.665-03:00  INFO 384 --- [           main] .s.d.r.c.RepositoryConfigurationDelegate : Multiple Spring Data modules found, entering strict repository configuration mode
2026-06-02T10:41:05.671-03:00  INFO 384 --- [           main] .s.d.r.c.RepositoryConfigurationDelegate : Bootstrapping Spring Data Redis repositories in DEFAULT mode.
2026-06-02T10:41:05.724-03:00  INFO 384 --- [           main] .s.d.r.c.RepositoryConfigurationDelegate : Finished Spring Data repository scanning in 24 ms. Found 0 Redis repository interfaces.
2026-06-02T10:41:07.141-03:00  INFO 384 --- [           main] ctiveUserDetailsServiceAutoConfiguration : 

Using generated security password: 4554a473-70a6-47af-98e3-58bbc5567dd6

2026-06-02T10:41:08.356-03:00  INFO 384 --- [           main] c.a.e.ThreeDsEngineApplicationTests      : Started ThreeDsEngineApplicationTests in 4.052 seconds (process running for 5.811)
]]></system-out>
    <system-err><![CDATA[WARNING: A Java agent has been loaded dynamically (C:\Users\patricia.borges\.m2\repository\net\bytebuddy\byte-buddy-agent\1.14.19\byte-buddy-agent-1.14.19.jar)
WARNING: If a serviceability tool is in use, please run with -XX:+EnableDynamicAgentLoading to hide this warning
WARNING: If a serviceability tool is not in use, please run with -Djdk.instrument.traceUsage for more information
WARNING: Dynamic loading of agents will be disallowed by default in a future release
]]></system-err>
  </testcase>
</testsuite>